Analysis & Synthesis report for MacLayer
Tue May 18 15:13:29 2021
Quartus Prime Version 20.1.0 Build 711 06/05/2020 SJ Lite Edition


---------------------
; Table of Contents ;
---------------------
  1. Legal Notice
  2. Analysis & Synthesis Summary
  3. Analysis & Synthesis Settings
  4. Parallel Compilation
  5. Analysis & Synthesis Source Files Read
  6. Analysis & Synthesis Resource Usage Summary
  7. Analysis & Synthesis Resource Utilization by Entity
  8. Logic Cells Representing Combinational Loops
  9. General Register Statistics
 10. Multiplexer Restructuring Statistics (Restructuring Performed)
 11. Parameter Settings for User Entity Instance: Top-level Entity: |packet_identifier
 12. Parameter Settings for User Entity Instance: Gen_ctrl:gen_ctrl
 13. Post-Synthesis Netlist Statistics for Top Partition
 14. Elapsed Time Per Partition
 15. Analysis & Synthesis Messages



----------------
; Legal Notice ;
----------------
Copyright (C) 2020  Intel Corporation. All rights reserved.
Your use of Intel Corporation's design tools, logic functions 
and other software and tools, and any partner logic 
functions, and any output files from any of the foregoing 
(including device programming or simulation files), and any 
associated documentation or information are expressly subject 
to the terms and conditions of the Intel Program License 
Subscription Agreement, the Intel Quartus Prime License Agreement,
the Intel FPGA IP License Agreement, or other applicable license
agreement, including, without limitation, that your use is for
the sole purpose of programming logic devices manufactured by
Intel and sold by Intel or its authorized distributors.  Please
refer to the applicable agreement for further details, at
https://fpgasoftware.intel.com/eula.



+----------------------------------------------------------------------------------+
; Analysis & Synthesis Summary                                                     ;
+------------------------------------+---------------------------------------------+
; Analysis & Synthesis Status        ; Successful - Tue May 18 15:13:29 2021       ;
; Quartus Prime Version              ; 20.1.0 Build 711 06/05/2020 SJ Lite Edition ;
; Revision Name                      ; MacLayer                                    ;
; Top-level Entity Name              ; packet_identifier                           ;
; Family                             ; Cyclone IV E                                ;
; Total logic elements               ; 297                                         ;
;     Total combinational functions  ; 297                                         ;
;     Dedicated logic registers      ; 0                                           ;
; Total registers                    ; 0                                           ;
; Total pins                         ; 1,483                                       ;
; Total virtual pins                 ; 0                                           ;
; Total memory bits                  ; 0                                           ;
; Embedded Multiplier 9-bit elements ; 0                                           ;
; Total PLLs                         ; 0                                           ;
+------------------------------------+---------------------------------------------+


+------------------------------------------------------------------------------------------------------------+
; Analysis & Synthesis Settings                                                                              ;
+------------------------------------------------------------------+--------------------+--------------------+
; Option                                                           ; Setting            ; Default Value      ;
+------------------------------------------------------------------+--------------------+--------------------+
; Top-level entity name                                            ; packet_identifier  ; MacLayer           ;
; Family name                                                      ; Cyclone IV E       ; Cyclone V          ;
; Use smart compilation                                            ; Off                ; Off                ;
; Enable parallel Assembler and Timing Analyzer during compilation ; On                 ; On                 ;
; Enable compact report table                                      ; Off                ; Off                ;
; Restructure Multiplexers                                         ; Auto               ; Auto               ;
; Create Debugging Nodes for IP Cores                              ; Off                ; Off                ;
; Preserve fewer node names                                        ; On                 ; On                 ;
; Intel FPGA IP Evaluation Mode                                    ; Enable             ; Enable             ;
; Verilog Version                                                  ; Verilog_2001       ; Verilog_2001       ;
; VHDL Version                                                     ; VHDL_1993          ; VHDL_1993          ;
; State Machine Processing                                         ; Auto               ; Auto               ;
; Safe State Machine                                               ; Off                ; Off                ;
; Extract Verilog State Machines                                   ; On                 ; On                 ;
; Extract VHDL State Machines                                      ; On                 ; On                 ;
; Ignore Verilog initial constructs                                ; Off                ; Off                ;
; Iteration limit for constant Verilog loops                       ; 5000               ; 5000               ;
; Iteration limit for non-constant Verilog loops                   ; 250                ; 250                ;
; Add Pass-Through Logic to Inferred RAMs                          ; On                 ; On                 ;
; Infer RAMs from Raw Logic                                        ; On                 ; On                 ;
; Parallel Synthesis                                               ; On                 ; On                 ;
; DSP Block Balancing                                              ; Auto               ; Auto               ;
; NOT Gate Push-Back                                               ; On                 ; On                 ;
; Power-Up Don't Care                                              ; On                 ; On                 ;
; Remove Redundant Logic Cells                                     ; Off                ; Off                ;
; Remove Duplicate Registers                                       ; On                 ; On                 ;
; Ignore CARRY Buffers                                             ; Off                ; Off                ;
; Ignore CASCADE Buffers                                           ; Off                ; Off                ;
; Ignore GLOBAL Buffers                                            ; Off                ; Off                ;
; Ignore ROW GLOBAL Buffers                                        ; Off                ; Off                ;
; Ignore LCELL Buffers                                             ; Off                ; Off                ;
; Ignore SOFT Buffers                                              ; On                 ; On                 ;
; Limit AHDL Integers to 32 Bits                                   ; Off                ; Off                ;
; Optimization Technique                                           ; Balanced           ; Balanced           ;
; Carry Chain Length                                               ; 70                 ; 70                 ;
; Auto Carry Chains                                                ; On                 ; On                 ;
; Auto Open-Drain Pins                                             ; On                 ; On                 ;
; Perform WYSIWYG Primitive Resynthesis                            ; Off                ; Off                ;
; Auto ROM Replacement                                             ; On                 ; On                 ;
; Auto RAM Replacement                                             ; On                 ; On                 ;
; Auto DSP Block Replacement                                       ; On                 ; On                 ;
; Auto Shift Register Replacement                                  ; Auto               ; Auto               ;
; Allow Shift Register Merging across Hierarchies                  ; Auto               ; Auto               ;
; Auto Clock Enable Replacement                                    ; On                 ; On                 ;
; Strict RAM Replacement                                           ; Off                ; Off                ;
; Allow Synchronous Control Signals                                ; On                 ; On                 ;
; Force Use of Synchronous Clear Signals                           ; Off                ; Off                ;
; Auto RAM Block Balancing                                         ; On                 ; On                 ;
; Auto RAM to Logic Cell Conversion                                ; Off                ; Off                ;
; Auto Resource Sharing                                            ; Off                ; Off                ;
; Allow Any RAM Size For Recognition                               ; Off                ; Off                ;
; Allow Any ROM Size For Recognition                               ; Off                ; Off                ;
; Allow Any Shift Register Size For Recognition                    ; Off                ; Off                ;
; Use LogicLock Constraints during Resource Balancing              ; On                 ; On                 ;
; Ignore translate_off and synthesis_off directives                ; Off                ; Off                ;
; Timing-Driven Synthesis                                          ; On                 ; On                 ;
; Report Parameter Settings                                        ; On                 ; On                 ;
; Report Source Assignments                                        ; On                 ; On                 ;
; Report Connectivity Checks                                       ; On                 ; On                 ;
; Ignore Maximum Fan-Out Assignments                               ; Off                ; Off                ;
; Synchronization Register Chain Length                            ; 2                  ; 2                  ;
; Power Optimization During Synthesis                              ; Normal compilation ; Normal compilation ;
; HDL message level                                                ; Level2             ; Level2             ;
; Suppress Register Optimization Related Messages                  ; Off                ; Off                ;
; Number of Removed Registers Reported in Synthesis Report         ; 5000               ; 5000               ;
; Number of Swept Nodes Reported in Synthesis Report               ; 5000               ; 5000               ;
; Number of Inverted Registers Reported in Synthesis Report        ; 100                ; 100                ;
; Clock MUX Protection                                             ; On                 ; On                 ;
; Auto Gated Clock Conversion                                      ; Off                ; Off                ;
; Block Design Naming                                              ; Auto               ; Auto               ;
; SDC constraint protection                                        ; Off                ; Off                ;
; Synthesis Effort                                                 ; Auto               ; Auto               ;
; Shift Register Replacement - Allow Asynchronous Clear Signal     ; On                 ; On                 ;
; Pre-Mapping Resynthesis Optimization                             ; Off                ; Off                ;
; Analysis & Synthesis Message Level                               ; Medium             ; Medium             ;
; Disable Register Merging Across Hierarchies                      ; Auto               ; Auto               ;
; Resource Aware Inference For Block RAM                           ; On                 ; On                 ;
+------------------------------------------------------------------+--------------------+--------------------+


+------------------------------------------+
; Parallel Compilation                     ;
+----------------------------+-------------+
; Processors                 ; Number      ;
+----------------------------+-------------+
; Number detected on machine ; 4           ;
; Maximum allowed            ; 2           ;
;                            ;             ;
; Average used               ; 1.00        ;
; Maximum used               ; 1           ;
;                            ;             ;
; Usage by Processor         ; % Time Used ;
;     Processor 1            ; 100.0%      ;
+----------------------------+-------------+


+--------------------------------------------------------------------------------------------------------------------------------------------------------------------+
; Analysis & Synthesis Source Files Read                                                                                                                             ;
+----------------------------------------------+-----------------+------------------------+----------------------------------------------------------------+---------+
; File Name with User-Entered Path             ; Used in Netlist ; File Type              ; File Name with Absolute Path                                   ; Library ;
+----------------------------------------------+-----------------+------------------------+----------------------------------------------------------------+---------+
; ../hdl/Packet_Identifier/packet_identifier.v ; yes             ; User Verilog HDL File  ; /home/msm/mohamed/GP/hdl/Packet_Identifier/packet_identifier.v ;         ;
; ../hdl/Packet_Identifier/Gen_mux.v           ; yes             ; User Verilog HDL File  ; /home/msm/mohamed/GP/hdl/Packet_Identifier/Gen_mux.v           ;         ;
; ../hdl/Packet_Identifier/Gen_ctrl.v          ; yes             ; User Verilog HDL File  ; /home/msm/mohamed/GP/hdl/Packet_Identifier/Gen_ctrl.v          ;         ;
; ../hdl/Packet_Identifier/Gen1_2_DataPath.v   ; yes             ; User Verilog HDL File  ; /home/msm/mohamed/GP/hdl/Packet_Identifier/Gen1_2_DataPath.v   ;         ;
; ../hdl/Packet_Identifier/check_byte.v        ; yes             ; User Verilog HDL File  ; /home/msm/mohamed/GP/hdl/Packet_Identifier/check_byte.v        ;         ;
+----------------------------------------------+-----------------+------------------------+----------------------------------------------------------------+---------+


+------------------------------------------------------------------------+
; Analysis & Synthesis Resource Usage Summary                            ;
+---------------------------------------------+--------------------------+
; Resource                                    ; Usage                    ;
+---------------------------------------------+--------------------------+
; Estimated Total logic elements              ; 297                      ;
;                                             ;                          ;
; Total combinational functions               ; 297                      ;
; Logic element usage by number of LUT inputs ;                          ;
;     -- 4 input functions                    ; 199                      ;
;     -- 3 input functions                    ; 88                       ;
;     -- <=2 input functions                  ; 10                       ;
;                                             ;                          ;
; Logic elements by mode                      ;                          ;
;     -- normal mode                          ; 297                      ;
;     -- arithmetic mode                      ; 0                        ;
;                                             ;                          ;
; Total registers                             ; 0                        ;
;     -- Dedicated logic registers            ; 0                        ;
;     -- I/O registers                        ; 0                        ;
;                                             ;                          ;
; I/O pins                                    ; 1483                     ;
;                                             ;                          ;
; Embedded Multiplier 9-bit elements          ; 0                        ;
;                                             ;                          ;
; Maximum fan-out node                        ; Gen_ctrl:gen_ctrl|Mux7~0 ;
; Maximum fan-out                             ; 29                       ;
; Total fan-out                               ; 3172                     ;
; Average fan-out                             ; 0.97                     ;
+---------------------------------------------+--------------------------+


+----------------------------------------------------------------------------------------------------------------------------------------------------------------------------------------------------------------------------------------------------------------------------------------------------------------+
; Analysis & Synthesis Resource Utilization by Entity                                                                                                                                                                                                                                                            ;
+------------------------------------------------------+---------------------+---------------------------+-------------+--------------+---------+-----------+------+--------------+-------------------------------------------------------------------------------------------+-------------------+--------------+
; Compilation Hierarchy Node                           ; Combinational ALUTs ; Dedicated Logic Registers ; Memory Bits ; DSP Elements ; DSP 9x9 ; DSP 18x18 ; Pins ; Virtual Pins ; Full Hierarchy Name                                                                       ; Entity Name       ; Library Name ;
+------------------------------------------------------+---------------------+---------------------------+-------------+--------------+---------+-----------+------+--------------+-------------------------------------------------------------------------------------------+-------------------+--------------+
; |packet_identifier                                   ; 297 (0)             ; 0 (0)                     ; 0           ; 0            ; 0       ; 0         ; 1483 ; 0            ; |packet_identifier                                                                        ; packet_identifier ; work         ;
;    |Gen1_2_DataPath:gen1_2_db|                       ; 288 (0)             ; 0 (0)                     ; 0           ; 0            ; 0       ; 0         ; 0    ; 0            ; |packet_identifier|Gen1_2_DataPath:gen1_2_db                                              ; Gen1_2_DataPath   ; work         ;
;       |check_byte:generate_checkbytes[0].CheckByte|  ; 18 (18)             ; 0 (0)                     ; 0           ; 0            ; 0       ; 0         ; 0    ; 0            ; |packet_identifier|Gen1_2_DataPath:gen1_2_db|check_byte:generate_checkbytes[0].CheckByte  ; check_byte        ; work         ;
;       |check_byte:generate_checkbytes[10].CheckByte| ; 18 (18)             ; 0 (0)                     ; 0           ; 0            ; 0       ; 0         ; 0    ; 0            ; |packet_identifier|Gen1_2_DataPath:gen1_2_db|check_byte:generate_checkbytes[10].CheckByte ; check_byte        ; work         ;
;       |check_byte:generate_checkbytes[11].CheckByte| ; 18 (18)             ; 0 (0)                     ; 0           ; 0            ; 0       ; 0         ; 0    ; 0            ; |packet_identifier|Gen1_2_DataPath:gen1_2_db|check_byte:generate_checkbytes[11].CheckByte ; check_byte        ; work         ;
;       |check_byte:generate_checkbytes[12].CheckByte| ; 18 (18)             ; 0 (0)                     ; 0           ; 0            ; 0       ; 0         ; 0    ; 0            ; |packet_identifier|Gen1_2_DataPath:gen1_2_db|check_byte:generate_checkbytes[12].CheckByte ; check_byte        ; work         ;
;       |check_byte:generate_checkbytes[13].CheckByte| ; 18 (18)             ; 0 (0)                     ; 0           ; 0            ; 0       ; 0         ; 0    ; 0            ; |packet_identifier|Gen1_2_DataPath:gen1_2_db|check_byte:generate_checkbytes[13].CheckByte ; check_byte        ; work         ;
;       |check_byte:generate_checkbytes[14].CheckByte| ; 19 (19)             ; 0 (0)                     ; 0           ; 0            ; 0       ; 0         ; 0    ; 0            ; |packet_identifier|Gen1_2_DataPath:gen1_2_db|check_byte:generate_checkbytes[14].CheckByte ; check_byte        ; work         ;
;       |check_byte:generate_checkbytes[15].CheckByte| ; 18 (18)             ; 0 (0)                     ; 0           ; 0            ; 0       ; 0         ; 0    ; 0            ; |packet_identifier|Gen1_2_DataPath:gen1_2_db|check_byte:generate_checkbytes[15].CheckByte ; check_byte        ; work         ;
;       |check_byte:generate_checkbytes[1].CheckByte|  ; 18 (18)             ; 0 (0)                     ; 0           ; 0            ; 0       ; 0         ; 0    ; 0            ; |packet_identifier|Gen1_2_DataPath:gen1_2_db|check_byte:generate_checkbytes[1].CheckByte  ; check_byte        ; work         ;
;       |check_byte:generate_checkbytes[2].CheckByte|  ; 18 (18)             ; 0 (0)                     ; 0           ; 0            ; 0       ; 0         ; 0    ; 0            ; |packet_identifier|Gen1_2_DataPath:gen1_2_db|check_byte:generate_checkbytes[2].CheckByte  ; check_byte        ; work         ;
;       |check_byte:generate_checkbytes[3].CheckByte|  ; 18 (18)             ; 0 (0)                     ; 0           ; 0            ; 0       ; 0         ; 0    ; 0            ; |packet_identifier|Gen1_2_DataPath:gen1_2_db|check_byte:generate_checkbytes[3].CheckByte  ; check_byte        ; work         ;
;       |check_byte:generate_checkbytes[4].CheckByte|  ; 19 (19)             ; 0 (0)                     ; 0           ; 0            ; 0       ; 0         ; 0    ; 0            ; |packet_identifier|Gen1_2_DataPath:gen1_2_db|check_byte:generate_checkbytes[4].CheckByte  ; check_byte        ; work         ;
;       |check_byte:generate_checkbytes[5].CheckByte|  ; 18 (18)             ; 0 (0)                     ; 0           ; 0            ; 0       ; 0         ; 0    ; 0            ; |packet_identifier|Gen1_2_DataPath:gen1_2_db|check_byte:generate_checkbytes[5].CheckByte  ; check_byte        ; work         ;
;       |check_byte:generate_checkbytes[6].CheckByte|  ; 18 (18)             ; 0 (0)                     ; 0           ; 0            ; 0       ; 0         ; 0    ; 0            ; |packet_identifier|Gen1_2_DataPath:gen1_2_db|check_byte:generate_checkbytes[6].CheckByte  ; check_byte        ; work         ;
;       |check_byte:generate_checkbytes[7].CheckByte|  ; 17 (17)             ; 0 (0)                     ; 0           ; 0            ; 0       ; 0         ; 0    ; 0            ; |packet_identifier|Gen1_2_DataPath:gen1_2_db|check_byte:generate_checkbytes[7].CheckByte  ; check_byte        ; work         ;
;       |check_byte:generate_checkbytes[8].CheckByte|  ; 18 (18)             ; 0 (0)                     ; 0           ; 0            ; 0       ; 0         ; 0    ; 0            ; |packet_identifier|Gen1_2_DataPath:gen1_2_db|check_byte:generate_checkbytes[8].CheckByte  ; check_byte        ; work         ;
;       |check_byte:generate_checkbytes[9].CheckByte|  ; 17 (17)             ; 0 (0)                     ; 0           ; 0            ; 0       ; 0         ; 0    ; 0            ; |packet_identifier|Gen1_2_DataPath:gen1_2_db|check_byte:generate_checkbytes[9].CheckByte  ; check_byte        ; work         ;
;    |Gen_ctrl:gen_ctrl|                               ; 9 (9)               ; 0 (0)                     ; 0           ; 0            ; 0       ; 0         ; 0    ; 0            ; |packet_identifier|Gen_ctrl:gen_ctrl                                                      ; Gen_ctrl          ; work         ;
+------------------------------------------------------+---------------------+---------------------------+-------------+--------------+---------+-----------+------+--------------+-------------------------------------------------------------------------------------------+-------------------+--------------+
Note: For table entries with two numbers listed, the numbers in parentheses indicate the number of resources of the given type used by the specific entity alone. The numbers listed outside of parentheses indicate the total resources of the given type used by the specific entity and all of its sub-entities in the hierarchy.


+-------------------------------------------------------------------------------------------------+
; Logic Cells Representing Combinational Loops                                                    ;
+---------------------------------------------------------------------------------------------+---+
; Logic Cell Name                                                                             ;   ;
+---------------------------------------------------------------------------------------------+---+
; Gen1_2_DataPath:gen1_2_db|check_byte:generate_checkbytes[15].CheckByte|tlp_or_dllp_out[1]~0 ;   ;
; Gen1_2_DataPath:gen1_2_db|check_byte:generate_checkbytes[15].CheckByte|tlp_or_dllp_out[0]~1 ;   ;
; Number of logic cells representing combinational loops                                      ; 2 ;
+---------------------------------------------------------------------------------------------+---+
Note: All cells listed above may not be present at the end of synthesis due to various synthesis optimizations.


+------------------------------------------------------+
; General Register Statistics                          ;
+----------------------------------------------+-------+
; Statistic                                    ; Value ;
+----------------------------------------------+-------+
; Total registers                              ; 0     ;
; Number of registers using Synchronous Clear  ; 0     ;
; Number of registers using Synchronous Load   ; 0     ;
; Number of registers using Asynchronous Clear ; 0     ;
; Number of registers using Asynchronous Load  ; 0     ;
; Number of registers using Clock Enable       ; 0     ;
; Number of registers using Preset             ; 0     ;
+----------------------------------------------+-------+


+----------------------------------------------------------------------------------------------------------------------------------------------------------------------------------------------------------------------------+
; Multiplexer Restructuring Statistics (Restructuring Performed)                                                                                                                                                             ;
+--------------------+-----------+---------------+----------------------+------------------------+------------+--------------------------------------------------------------------------------------------------------------+
; Multiplexer Inputs ; Bus Width ; Baseline Area ; Area if Restructured ; Saving if Restructured ; Registered ; Example Multiplexer Output                                                                                   ;
+--------------------+-----------+---------------+----------------------+------------------------+------------+--------------------------------------------------------------------------------------------------------------+
; 3:1                ; 3 bits    ; 6 LEs         ; 3 LEs                ; 3 LEs                  ; No         ; |packet_identifier|Gen1_2_DataPath:gen1_2_db|check_byte:generate_checkbytes[0].CheckByte|type[0]             ;
; 3:1                ; 3 bits    ; 6 LEs         ; 3 LEs                ; 3 LEs                  ; No         ; |packet_identifier|Gen1_2_DataPath:gen1_2_db|check_byte:generate_checkbytes[1].CheckByte|type[0]             ;
; 3:1                ; 3 bits    ; 6 LEs         ; 3 LEs                ; 3 LEs                  ; No         ; |packet_identifier|Gen1_2_DataPath:gen1_2_db|check_byte:generate_checkbytes[2].CheckByte|type[0]             ;
; 3:1                ; 3 bits    ; 6 LEs         ; 3 LEs                ; 3 LEs                  ; No         ; |packet_identifier|Gen1_2_DataPath:gen1_2_db|check_byte:generate_checkbytes[3].CheckByte|type[4]             ;
; 3:1                ; 3 bits    ; 6 LEs         ; 3 LEs                ; 3 LEs                  ; No         ; |packet_identifier|Gen1_2_DataPath:gen1_2_db|check_byte:generate_checkbytes[4].CheckByte|type[1]             ;
; 3:1                ; 3 bits    ; 6 LEs         ; 3 LEs                ; 3 LEs                  ; No         ; |packet_identifier|Gen1_2_DataPath:gen1_2_db|check_byte:generate_checkbytes[5].CheckByte|type[1]             ;
; 3:1                ; 3 bits    ; 6 LEs         ; 3 LEs                ; 3 LEs                  ; No         ; |packet_identifier|Gen1_2_DataPath:gen1_2_db|check_byte:generate_checkbytes[6].CheckByte|type[4]             ;
; 3:1                ; 3 bits    ; 6 LEs         ; 3 LEs                ; 3 LEs                  ; No         ; |packet_identifier|Gen1_2_DataPath:gen1_2_db|check_byte:generate_checkbytes[7].CheckByte|type[4]             ;
; 3:1                ; 3 bits    ; 6 LEs         ; 3 LEs                ; 3 LEs                  ; No         ; |packet_identifier|Gen1_2_DataPath:gen1_2_db|check_byte:generate_checkbytes[8].CheckByte|type[0]             ;
; 3:1                ; 3 bits    ; 6 LEs         ; 3 LEs                ; 3 LEs                  ; No         ; |packet_identifier|Gen1_2_DataPath:gen1_2_db|check_byte:generate_checkbytes[9].CheckByte|type[1]             ;
; 3:1                ; 3 bits    ; 6 LEs         ; 3 LEs                ; 3 LEs                  ; No         ; |packet_identifier|Gen1_2_DataPath:gen1_2_db|check_byte:generate_checkbytes[10].CheckByte|type[1]            ;
; 3:1                ; 3 bits    ; 6 LEs         ; 3 LEs                ; 3 LEs                  ; No         ; |packet_identifier|Gen1_2_DataPath:gen1_2_db|check_byte:generate_checkbytes[11].CheckByte|type[1]            ;
; 3:1                ; 3 bits    ; 6 LEs         ; 3 LEs                ; 3 LEs                  ; No         ; |packet_identifier|Gen1_2_DataPath:gen1_2_db|check_byte:generate_checkbytes[12].CheckByte|type[4]            ;
; 3:1                ; 3 bits    ; 6 LEs         ; 3 LEs                ; 3 LEs                  ; No         ; |packet_identifier|Gen1_2_DataPath:gen1_2_db|check_byte:generate_checkbytes[13].CheckByte|type[0]            ;
; 3:1                ; 3 bits    ; 6 LEs         ; 3 LEs                ; 3 LEs                  ; No         ; |packet_identifier|Gen1_2_DataPath:gen1_2_db|check_byte:generate_checkbytes[14].CheckByte|type[0]            ;
; 3:1                ; 3 bits    ; 6 LEs         ; 3 LEs                ; 3 LEs                  ; No         ; |packet_identifier|Gen1_2_DataPath:gen1_2_db|check_byte:generate_checkbytes[15].CheckByte|type[0]            ;
; 8:1                ; 4 bits    ; 20 LEs        ; 4 LEs                ; 16 LEs                 ; No         ; |packet_identifier|Gen_ctrl:gen_ctrl|Mux14                                                                   ;
; 257:1              ; 2 bits    ; 342 LEs       ; 6 LEs                ; 336 LEs                ; No         ; |packet_identifier|Gen1_2_DataPath:gen1_2_db|check_byte:generate_checkbytes[0].CheckByte|tlp_or_dllp_out[0]  ;
; 257:1              ; 2 bits    ; 342 LEs       ; 6 LEs                ; 336 LEs                ; No         ; |packet_identifier|Gen1_2_DataPath:gen1_2_db|check_byte:generate_checkbytes[1].CheckByte|tlp_or_dllp_out[0]  ;
; 257:1              ; 2 bits    ; 342 LEs       ; 6 LEs                ; 336 LEs                ; No         ; |packet_identifier|Gen1_2_DataPath:gen1_2_db|check_byte:generate_checkbytes[2].CheckByte|tlp_or_dllp_out[0]  ;
; 257:1              ; 2 bits    ; 342 LEs       ; 6 LEs                ; 336 LEs                ; No         ; |packet_identifier|Gen1_2_DataPath:gen1_2_db|check_byte:generate_checkbytes[3].CheckByte|tlp_or_dllp_out[1]  ;
; 257:1              ; 2 bits    ; 342 LEs       ; 6 LEs                ; 336 LEs                ; No         ; |packet_identifier|Gen1_2_DataPath:gen1_2_db|check_byte:generate_checkbytes[4].CheckByte|tlp_or_dllp_out[0]  ;
; 257:1              ; 2 bits    ; 342 LEs       ; 6 LEs                ; 336 LEs                ; No         ; |packet_identifier|Gen1_2_DataPath:gen1_2_db|check_byte:generate_checkbytes[5].CheckByte|tlp_or_dllp_out[0]  ;
; 257:1              ; 2 bits    ; 342 LEs       ; 6 LEs                ; 336 LEs                ; No         ; |packet_identifier|Gen1_2_DataPath:gen1_2_db|check_byte:generate_checkbytes[6].CheckByte|tlp_or_dllp_out[0]  ;
; 257:1              ; 2 bits    ; 342 LEs       ; 6 LEs                ; 336 LEs                ; No         ; |packet_identifier|Gen1_2_DataPath:gen1_2_db|check_byte:generate_checkbytes[7].CheckByte|tlp_or_dllp_out[0]  ;
; 257:1              ; 2 bits    ; 342 LEs       ; 6 LEs                ; 336 LEs                ; No         ; |packet_identifier|Gen1_2_DataPath:gen1_2_db|check_byte:generate_checkbytes[8].CheckByte|tlp_or_dllp_out[0]  ;
; 257:1              ; 2 bits    ; 342 LEs       ; 6 LEs                ; 336 LEs                ; No         ; |packet_identifier|Gen1_2_DataPath:gen1_2_db|check_byte:generate_checkbytes[9].CheckByte|tlp_or_dllp_out[0]  ;
; 257:1              ; 2 bits    ; 342 LEs       ; 6 LEs                ; 336 LEs                ; No         ; |packet_identifier|Gen1_2_DataPath:gen1_2_db|check_byte:generate_checkbytes[10].CheckByte|tlp_or_dllp_out[0] ;
; 257:1              ; 2 bits    ; 342 LEs       ; 6 LEs                ; 336 LEs                ; No         ; |packet_identifier|Gen1_2_DataPath:gen1_2_db|check_byte:generate_checkbytes[11].CheckByte|tlp_or_dllp_out[0] ;
; 257:1              ; 2 bits    ; 342 LEs       ; 6 LEs                ; 336 LEs                ; No         ; |packet_identifier|Gen1_2_DataPath:gen1_2_db|check_byte:generate_checkbytes[12].CheckByte|tlp_or_dllp_out[0] ;
; 257:1              ; 2 bits    ; 342 LEs       ; 6 LEs                ; 336 LEs                ; No         ; |packet_identifier|Gen1_2_DataPath:gen1_2_db|check_byte:generate_checkbytes[13].CheckByte|tlp_or_dllp_out[0] ;
; 257:1              ; 2 bits    ; 342 LEs       ; 6 LEs                ; 336 LEs                ; No         ; |packet_identifier|Gen1_2_DataPath:gen1_2_db|check_byte:generate_checkbytes[14].CheckByte|tlp_or_dllp_out[0] ;
; 257:1              ; 2 bits    ; 342 LEs       ; 6 LEs                ; 336 LEs                ; No         ; |packet_identifier|Gen1_2_DataPath:gen1_2_db|check_byte:generate_checkbytes[15].CheckByte|tlp_or_dllp_out[0] ;
+--------------------+-----------+---------------+----------------------+------------------------+------------+--------------------------------------------------------------------------------------------------------------+


+-----------------------------------------------------------------------------------+
; Parameter Settings for User Entity Instance: Top-level Entity: |packet_identifier ;
+----------------+-------+----------------------------------------------------------+
; Parameter Name ; Value ; Type                                                     ;
+----------------+-------+----------------------------------------------------------+
; GEN1_PIPEWIDTH ; 8     ; Signed Integer                                           ;
; GEN2_PIPEWIDTH ; 8     ; Signed Integer                                           ;
; GEN3_PIPEWIDTH ; 8     ; Signed Integer                                           ;
; GEN4_PIPEWIDTH ; 8     ; Signed Integer                                           ;
; GEN5_PIPEWIDTH ; 8     ; Signed Integer                                           ;
+----------------+-------+----------------------------------------------------------+
Note: In order to hide this table in the UI and the text report file, please set the "Show Parameter Settings in Synthesis Report" option in "Analysis and Synthesis Settings -> More Settings" to "Off".


+----------------------------------------------------------------+
; Parameter Settings for User Entity Instance: Gen_ctrl:gen_ctrl ;
+----------------+-------+---------------------------------------+
; Parameter Name ; Value ; Type                                  ;
+----------------+-------+---------------------------------------+
; GEN1_PIPEWIDTH ; 8     ; Signed Integer                        ;
; GEN2_PIPEWIDTH ; 8     ; Signed Integer                        ;
; GEN3_PIPEWIDTH ; 8     ; Signed Integer                        ;
; GEN4_PIPEWIDTH ; 8     ; Signed Integer                        ;
; GEN5_PIPEWIDTH ; 8     ; Signed Integer                        ;
+----------------+-------+---------------------------------------+
Note: In order to hide this table in the UI and the text report file, please set the "Show Parameter Settings in Synthesis Report" option in "Analysis and Synthesis Settings -> More Settings" to "Off".


+-----------------------------------------------------+
; Post-Synthesis Netlist Statistics for Top Partition ;
+-----------------------+-----------------------------+
; Type                  ; Count                       ;
+-----------------------+-----------------------------+
; boundary_port         ; 1483                        ;
; cycloneiii_lcell_comb ; 298                         ;
;     normal            ; 298                         ;
;         0 data inputs ; 1                           ;
;         2 data inputs ; 10                          ;
;         3 data inputs ; 88                          ;
;         4 data inputs ; 199                         ;
;                       ;                             ;
; Max LUT depth         ; 36.00                       ;
; Average LUT depth     ; 10.33                       ;
+-----------------------+-----------------------------+


+-------------------------------+
; Elapsed Time Per Partition    ;
+----------------+--------------+
; Partition Name ; Elapsed Time ;
+----------------+--------------+
; Top            ; 00:00:02     ;
+----------------+--------------+


+-------------------------------+
; Analysis & Synthesis Messages ;
+-------------------------------+
Info: *******************************************************************
Info: Running Quartus Prime Analysis & Synthesis
    Info: Version 20.1.0 Build 711 06/05/2020 SJ Lite Edition
    Info: Processing started: Tue May 18 15:13:09 2021
Info: Command: quartus_map --read_settings_files=on --write_settings_files=off MacLayer -c MacLayer
Warning (18236): Number of processors has not been specified which may cause overloading on shared machines.  Set the global assignment NUM_PARALLEL_PROCESSORS in your QSF to an appropriate value for best performance.
Info (20030): Parallel compilation is enabled and will use 2 of the 2 processors detected
Info (12021): Found 1 design units, including 1 entities, in source file /home/msm/mohamed/GP/hdl/Packet_Identifier/packet_identifier.v
    Info (12023): Found entity 1: packet_identifier File: /home/msm/mohamed/GP/hdl/Packet_Identifier/packet_identifier.v Line: 1
Info (12021): Found 1 design units, including 1 entities, in source file /home/msm/mohamed/GP/hdl/Packet_Identifier/Gen_mux.v
    Info (12023): Found entity 1: Gen_mux File: /home/msm/mohamed/GP/hdl/Packet_Identifier/Gen_mux.v Line: 1
Info (12021): Found 1 design units, including 1 entities, in source file /home/msm/mohamed/GP/hdl/Packet_Identifier/Gen_ctrl.v
    Info (12023): Found entity 1: Gen_ctrl File: /home/msm/mohamed/GP/hdl/Packet_Identifier/Gen_ctrl.v Line: 1
Info (12021): Found 1 design units, including 1 entities, in source file /home/msm/mohamed/GP/hdl/Packet_Identifier/Gen1_2_DataPath.v
    Info (12023): Found entity 1: Gen1_2_DataPath File: /home/msm/mohamed/GP/hdl/Packet_Identifier/Gen1_2_DataPath.v Line: 2
Warning (10463): Verilog HDL Declaration warning at check_byte.v(7): "type" is SystemVerilog-2005 keyword File: /home/msm/mohamed/GP/hdl/Packet_Identifier/check_byte.v Line: 7
Info (12021): Found 1 design units, including 1 entities, in source file /home/msm/mohamed/GP/hdl/Packet_Identifier/check_byte.v
    Info (12023): Found entity 1: check_byte File: /home/msm/mohamed/GP/hdl/Packet_Identifier/check_byte.v Line: 1
Info (12127): Elaborating entity "packet_identifier" for the top level hierarchy
Info (12128): Elaborating entity "Gen1_2_DataPath" for hierarchy "Gen1_2_DataPath:gen1_2_db" File: /home/msm/mohamed/GP/hdl/Packet_Identifier/packet_identifier.v Line: 54
Info (12128): Elaborating entity "check_byte" for hierarchy "Gen1_2_DataPath:gen1_2_db|check_byte:generate_checkbytes[0].CheckByte" File: /home/msm/mohamed/GP/hdl/Packet_Identifier/Gen1_2_DataPath.v Line: 40
Warning (10270): Verilog HDL Case Statement warning at check_byte.v(42): incomplete case statement has no default case item File: /home/msm/mohamed/GP/hdl/Packet_Identifier/check_byte.v Line: 42
Info (12128): Elaborating entity "Gen_ctrl" for hierarchy "Gen_ctrl:gen_ctrl" File: /home/msm/mohamed/GP/hdl/Packet_Identifier/packet_identifier.v Line: 72
Warning (10036): Verilog HDL or VHDL warning at Gen_ctrl.v(32): object "shift" assigned a value but never read File: /home/msm/mohamed/GP/hdl/Packet_Identifier/Gen_ctrl.v Line: 32
Warning (10270): Verilog HDL Case Statement warning at Gen_ctrl.v(35): incomplete case statement has no default case item File: /home/msm/mohamed/GP/hdl/Packet_Identifier/Gen_ctrl.v Line: 35
Info (10264): Verilog HDL Case Statement information at Gen_ctrl.v(35): all case item expressions in this case statement are onehot File: /home/msm/mohamed/GP/hdl/Packet_Identifier/Gen_ctrl.v Line: 35
Info (10264): Verilog HDL Case Statement information at Gen_ctrl.v(51): all case item expressions in this case statement are onehot File: /home/msm/mohamed/GP/hdl/Packet_Identifier/Gen_ctrl.v Line: 51
Info (10264): Verilog HDL Case Statement information at Gen_ctrl.v(59): all case item expressions in this case statement are onehot File: /home/msm/mohamed/GP/hdl/Packet_Identifier/Gen_ctrl.v Line: 59
Info (10264): Verilog HDL Case Statement information at Gen_ctrl.v(68): all case item expressions in this case statement are onehot File: /home/msm/mohamed/GP/hdl/Packet_Identifier/Gen_ctrl.v Line: 68
Info (10264): Verilog HDL Case Statement information at Gen_ctrl.v(76): all case item expressions in this case statement are onehot File: /home/msm/mohamed/GP/hdl/Packet_Identifier/Gen_ctrl.v Line: 76
Info (10264): Verilog HDL Case Statement information at Gen_ctrl.v(84): all case item expressions in this case statement are onehot File: /home/msm/mohamed/GP/hdl/Packet_Identifier/Gen_ctrl.v Line: 84
Info (12128): Elaborating entity "Gen_mux" for hierarchy "Gen_mux:gen_mux" File: /home/msm/mohamed/GP/hdl/Packet_Identifier/packet_identifier.v Line: 84
Warning (13024): Output pins are stuck at VCC or GND
    Warning (13410): Pin "pl_valid[16]" is stuck at GND File: /home/msm/mohamed/GP/hdl/Packet_Identifier/packet_identifier.v Line: 20
    Warning (13410): Pin "pl_valid[17]" is stuck at GND File: /home/msm/mohamed/GP/hdl/Packet_Identifier/packet_identifier.v Line: 20
    Warning (13410): Pin "pl_valid[18]" is stuck at GND File: /home/msm/mohamed/GP/hdl/Packet_Identifier/packet_identifier.v Line: 20
    Warning (13410): Pin "pl_valid[19]" is stuck at GND File: /home/msm/mohamed/GP/hdl/Packet_Identifier/packet_identifier.v Line: 20
    Warning (13410): Pin "pl_valid[20]" is stuck at GND File: /home/msm/mohamed/GP/hdl/Packet_Identifier/packet_identifier.v Line: 20
    Warning (13410): Pin "pl_valid[21]" is stuck at GND File: /home/msm/mohamed/GP/hdl/Packet_Identifier/packet_identifier.v Line: 20
    Warning (13410): Pin "pl_valid[22]" is stuck at GND File: /home/msm/mohamed/GP/hdl/Packet_Identifier/packet_identifier.v Line: 20
    Warning (13410): Pin "pl_valid[23]" is stuck at GND File: /home/msm/mohamed/GP/hdl/Packet_Identifier/packet_identifier.v Line: 20
    Warning (13410): Pin "pl_valid[24]" is stuck at GND File: /home/msm/mohamed/GP/hdl/Packet_Identifier/packet_identifier.v Line: 20
    Warning (13410): Pin "pl_valid[25]" is stuck at GND File: /home/msm/mohamed/GP/hdl/Packet_Identifier/packet_identifier.v Line: 20
    Warning (13410): Pin "pl_valid[26]" is stuck at GND File: /home/msm/mohamed/GP/hdl/Packet_Identifier/packet_identifier.v Line: 20
    Warning (13410): Pin "pl_valid[27]" is stuck at GND File: /home/msm/mohamed/GP/hdl/Packet_Identifier/packet_identifier.v Line: 20
    Warning (13410): Pin "pl_valid[28]" is stuck at GND File: /home/msm/mohamed/GP/hdl/Packet_Identifier/packet_identifier.v Line: 20
    Warning (13410): Pin "pl_valid[29]" is stuck at GND File: /home/msm/mohamed/GP/hdl/Packet_Identifier/packet_identifier.v Line: 20
    Warning (13410): Pin "pl_valid[30]" is stuck at GND File: /home/msm/mohamed/GP/hdl/Packet_Identifier/packet_identifier.v Line: 20
    Warning (13410): Pin "pl_valid[31]" is stuck at GND File: /home/msm/mohamed/GP/hdl/Packet_Identifier/packet_identifier.v Line: 20
    Warning (13410): Pin "pl_valid[32]" is stuck at GND File: /home/msm/mohamed/GP/hdl/Packet_Identifier/packet_identifier.v Line: 20
    Warning (13410): Pin "pl_valid[33]" is stuck at GND File: /home/msm/mohamed/GP/hdl/Packet_Identifier/packet_identifier.v Line: 20
    Warning (13410): Pin "pl_valid[34]" is stuck at GND File: /home/msm/mohamed/GP/hdl/Packet_Identifier/packet_identifier.v Line: 20
    Warning (13410): Pin "pl_valid[35]" is stuck at GND File: /home/msm/mohamed/GP/hdl/Packet_Identifier/packet_identifier.v Line: 20
    Warning (13410): Pin "pl_valid[36]" is stuck at GND File: /home/msm/mohamed/GP/hdl/Packet_Identifier/packet_identifier.v Line: 20
    Warning (13410): Pin "pl_valid[37]" is stuck at GND File: /home/msm/mohamed/GP/hdl/Packet_Identifier/packet_identifier.v Line: 20
    Warning (13410): Pin "pl_valid[38]" is stuck at GND File: /home/msm/mohamed/GP/hdl/Packet_Identifier/packet_identifier.v Line: 20
    Warning (13410): Pin "pl_valid[39]" is stuck at GND File: /home/msm/mohamed/GP/hdl/Packet_Identifier/packet_identifier.v Line: 20
    Warning (13410): Pin "pl_valid[40]" is stuck at GND File: /home/msm/mohamed/GP/hdl/Packet_Identifier/packet_identifier.v Line: 20
    Warning (13410): Pin "pl_valid[41]" is stuck at GND File: /home/msm/mohamed/GP/hdl/Packet_Identifier/packet_identifier.v Line: 20
    Warning (13410): Pin "pl_valid[42]" is stuck at GND File: /home/msm/mohamed/GP/hdl/Packet_Identifier/packet_identifier.v Line: 20
    Warning (13410): Pin "pl_valid[43]" is stuck at GND File: /home/msm/mohamed/GP/hdl/Packet_Identifier/packet_identifier.v Line: 20
    Warning (13410): Pin "pl_valid[44]" is stuck at GND File: /home/msm/mohamed/GP/hdl/Packet_Identifier/packet_identifier.v Line: 20
    Warning (13410): Pin "pl_valid[45]" is stuck at GND File: /home/msm/mohamed/GP/hdl/Packet_Identifier/packet_identifier.v Line: 20
    Warning (13410): Pin "pl_valid[46]" is stuck at GND File: /home/msm/mohamed/GP/hdl/Packet_Identifier/packet_identifier.v Line: 20
    Warning (13410): Pin "pl_valid[47]" is stuck at GND File: /home/msm/mohamed/GP/hdl/Packet_Identifier/packet_identifier.v Line: 20
    Warning (13410): Pin "pl_valid[48]" is stuck at GND File: /home/msm/mohamed/GP/hdl/Packet_Identifier/packet_identifier.v Line: 20
    Warning (13410): Pin "pl_valid[49]" is stuck at GND File: /home/msm/mohamed/GP/hdl/Packet_Identifier/packet_identifier.v Line: 20
    Warning (13410): Pin "pl_valid[50]" is stuck at GND File: /home/msm/mohamed/GP/hdl/Packet_Identifier/packet_identifier.v Line: 20
    Warning (13410): Pin "pl_valid[51]" is stuck at GND File: /home/msm/mohamed/GP/hdl/Packet_Identifier/packet_identifier.v Line: 20
    Warning (13410): Pin "pl_valid[52]" is stuck at GND File: /home/msm/mohamed/GP/hdl/Packet_Identifier/packet_identifier.v Line: 20
    Warning (13410): Pin "pl_valid[53]" is stuck at GND File: /home/msm/mohamed/GP/hdl/Packet_Identifier/packet_identifier.v Line: 20
    Warning (13410): Pin "pl_valid[54]" is stuck at GND File: /home/msm/mohamed/GP/hdl/Packet_Identifier/packet_identifier.v Line: 20
    Warning (13410): Pin "pl_valid[55]" is stuck at GND File: /home/msm/mohamed/GP/hdl/Packet_Identifier/packet_identifier.v Line: 20
    Warning (13410): Pin "pl_valid[56]" is stuck at GND File: /home/msm/mohamed/GP/hdl/Packet_Identifier/packet_identifier.v Line: 20
    Warning (13410): Pin "pl_valid[57]" is stuck at GND File: /home/msm/mohamed/GP/hdl/Packet_Identifier/packet_identifier.v Line: 20
    Warning (13410): Pin "pl_valid[58]" is stuck at GND File: /home/msm/mohamed/GP/hdl/Packet_Identifier/packet_identifier.v Line: 20
    Warning (13410): Pin "pl_valid[59]" is stuck at GND File: /home/msm/mohamed/GP/hdl/Packet_Identifier/packet_identifier.v Line: 20
    Warning (13410): Pin "pl_valid[60]" is stuck at GND File: /home/msm/mohamed/GP/hdl/Packet_Identifier/packet_identifier.v Line: 20
    Warning (13410): Pin "pl_valid[61]" is stuck at GND File: /home/msm/mohamed/GP/hdl/Packet_Identifier/packet_identifier.v Line: 20
    Warning (13410): Pin "pl_valid[62]" is stuck at GND File: /home/msm/mohamed/GP/hdl/Packet_Identifier/packet_identifier.v Line: 20
    Warning (13410): Pin "pl_valid[63]" is stuck at GND File: /home/msm/mohamed/GP/hdl/Packet_Identifier/packet_identifier.v Line: 20
    Warning (13410): Pin "pl_dlpstart[16]" is stuck at GND File: /home/msm/mohamed/GP/hdl/Packet_Identifier/packet_identifier.v Line: 21
    Warning (13410): Pin "pl_dlpstart[17]" is stuck at GND File: /home/msm/mohamed/GP/hdl/Packet_Identifier/packet_identifier.v Line: 21
    Warning (13410): Pin "pl_dlpstart[18]" is stuck at GND File: /home/msm/mohamed/GP/hdl/Packet_Identifier/packet_identifier.v Line: 21
    Warning (13410): Pin "pl_dlpstart[19]" is stuck at GND File: /home/msm/mohamed/GP/hdl/Packet_Identifier/packet_identifier.v Line: 21
    Warning (13410): Pin "pl_dlpstart[20]" is stuck at GND File: /home/msm/mohamed/GP/hdl/Packet_Identifier/packet_identifier.v Line: 21
    Warning (13410): Pin "pl_dlpstart[21]" is stuck at GND File: /home/msm/mohamed/GP/hdl/Packet_Identifier/packet_identifier.v Line: 21
    Warning (13410): Pin "pl_dlpstart[22]" is stuck at GND File: /home/msm/mohamed/GP/hdl/Packet_Identifier/packet_identifier.v Line: 21
    Warning (13410): Pin "pl_dlpstart[23]" is stuck at GND File: /home/msm/mohamed/GP/hdl/Packet_Identifier/packet_identifier.v Line: 21
    Warning (13410): Pin "pl_dlpstart[24]" is stuck at GND File: /home/msm/mohamed/GP/hdl/Packet_Identifier/packet_identifier.v Line: 21
    Warning (13410): Pin "pl_dlpstart[25]" is stuck at GND File: /home/msm/mohamed/GP/hdl/Packet_Identifier/packet_identifier.v Line: 21
    Warning (13410): Pin "pl_dlpstart[26]" is stuck at GND File: /home/msm/mohamed/GP/hdl/Packet_Identifier/packet_identifier.v Line: 21
    Warning (13410): Pin "pl_dlpstart[27]" is stuck at GND File: /home/msm/mohamed/GP/hdl/Packet_Identifier/packet_identifier.v Line: 21
    Warning (13410): Pin "pl_dlpstart[28]" is stuck at GND File: /home/msm/mohamed/GP/hdl/Packet_Identifier/packet_identifier.v Line: 21
    Warning (13410): Pin "pl_dlpstart[29]" is stuck at GND File: /home/msm/mohamed/GP/hdl/Packet_Identifier/packet_identifier.v Line: 21
    Warning (13410): Pin "pl_dlpstart[30]" is stuck at GND File: /home/msm/mohamed/GP/hdl/Packet_Identifier/packet_identifier.v Line: 21
    Warning (13410): Pin "pl_dlpstart[31]" is stuck at GND File: /home/msm/mohamed/GP/hdl/Packet_Identifier/packet_identifier.v Line: 21
    Warning (13410): Pin "pl_dlpstart[32]" is stuck at GND File: /home/msm/mohamed/GP/hdl/Packet_Identifier/packet_identifier.v Line: 21
    Warning (13410): Pin "pl_dlpstart[33]" is stuck at GND File: /home/msm/mohamed/GP/hdl/Packet_Identifier/packet_identifier.v Line: 21
    Warning (13410): Pin "pl_dlpstart[34]" is stuck at GND File: /home/msm/mohamed/GP/hdl/Packet_Identifier/packet_identifier.v Line: 21
    Warning (13410): Pin "pl_dlpstart[35]" is stuck at GND File: /home/msm/mohamed/GP/hdl/Packet_Identifier/packet_identifier.v Line: 21
    Warning (13410): Pin "pl_dlpstart[36]" is stuck at GND File: /home/msm/mohamed/GP/hdl/Packet_Identifier/packet_identifier.v Line: 21
    Warning (13410): Pin "pl_dlpstart[37]" is stuck at GND File: /home/msm/mohamed/GP/hdl/Packet_Identifier/packet_identifier.v Line: 21
    Warning (13410): Pin "pl_dlpstart[38]" is stuck at GND File: /home/msm/mohamed/GP/hdl/Packet_Identifier/packet_identifier.v Line: 21
    Warning (13410): Pin "pl_dlpstart[39]" is stuck at GND File: /home/msm/mohamed/GP/hdl/Packet_Identifier/packet_identifier.v Line: 21
    Warning (13410): Pin "pl_dlpstart[40]" is stuck at GND File: /home/msm/mohamed/GP/hdl/Packet_Identifier/packet_identifier.v Line: 21
    Warning (13410): Pin "pl_dlpstart[41]" is stuck at GND File: /home/msm/mohamed/GP/hdl/Packet_Identifier/packet_identifier.v Line: 21
    Warning (13410): Pin "pl_dlpstart[42]" is stuck at GND File: /home/msm/mohamed/GP/hdl/Packet_Identifier/packet_identifier.v Line: 21
    Warning (13410): Pin "pl_dlpstart[43]" is stuck at GND File: /home/msm/mohamed/GP/hdl/Packet_Identifier/packet_identifier.v Line: 21
    Warning (13410): Pin "pl_dlpstart[44]" is stuck at GND File: /home/msm/mohamed/GP/hdl/Packet_Identifier/packet_identifier.v Line: 21
    Warning (13410): Pin "pl_dlpstart[45]" is stuck at GND File: /home/msm/mohamed/GP/hdl/Packet_Identifier/packet_identifier.v Line: 21
    Warning (13410): Pin "pl_dlpstart[46]" is stuck at GND File: /home/msm/mohamed/GP/hdl/Packet_Identifier/packet_identifier.v Line: 21
    Warning (13410): Pin "pl_dlpstart[47]" is stuck at GND File: /home/msm/mohamed/GP/hdl/Packet_Identifier/packet_identifier.v Line: 21
    Warning (13410): Pin "pl_dlpstart[48]" is stuck at GND File: /home/msm/mohamed/GP/hdl/Packet_Identifier/packet_identifier.v Line: 21
    Warning (13410): Pin "pl_dlpstart[49]" is stuck at GND File: /home/msm/mohamed/GP/hdl/Packet_Identifier/packet_identifier.v Line: 21
    Warning (13410): Pin "pl_dlpstart[50]" is stuck at GND File: /home/msm/mohamed/GP/hdl/Packet_Identifier/packet_identifier.v Line: 21
    Warning (13410): Pin "pl_dlpstart[51]" is stuck at GND File: /home/msm/mohamed/GP/hdl/Packet_Identifier/packet_identifier.v Line: 21
    Warning (13410): Pin "pl_dlpstart[52]" is stuck at GND File: /home/msm/mohamed/GP/hdl/Packet_Identifier/packet_identifier.v Line: 21
    Warning (13410): Pin "pl_dlpstart[53]" is stuck at GND File: /home/msm/mohamed/GP/hdl/Packet_Identifier/packet_identifier.v Line: 21
    Warning (13410): Pin "pl_dlpstart[54]" is stuck at GND File: /home/msm/mohamed/GP/hdl/Packet_Identifier/packet_identifier.v Line: 21
    Warning (13410): Pin "pl_dlpstart[55]" is stuck at GND File: /home/msm/mohamed/GP/hdl/Packet_Identifier/packet_identifier.v Line: 21
    Warning (13410): Pin "pl_dlpstart[56]" is stuck at GND File: /home/msm/mohamed/GP/hdl/Packet_Identifier/packet_identifier.v Line: 21
    Warning (13410): Pin "pl_dlpstart[57]" is stuck at GND File: /home/msm/mohamed/GP/hdl/Packet_Identifier/packet_identifier.v Line: 21
    Warning (13410): Pin "pl_dlpstart[58]" is stuck at GND File: /home/msm/mohamed/GP/hdl/Packet_Identifier/packet_identifier.v Line: 21
    Warning (13410): Pin "pl_dlpstart[59]" is stuck at GND File: /home/msm/mohamed/GP/hdl/Packet_Identifier/packet_identifier.v Line: 21
    Warning (13410): Pin "pl_dlpstart[60]" is stuck at GND File: /home/msm/mohamed/GP/hdl/Packet_Identifier/packet_identifier.v Line: 21
    Warning (13410): Pin "pl_dlpstart[61]" is stuck at GND File: /home/msm/mohamed/GP/hdl/Packet_Identifier/packet_identifier.v Line: 21
    Warning (13410): Pin "pl_dlpstart[62]" is stuck at GND File: /home/msm/mohamed/GP/hdl/Packet_Identifier/packet_identifier.v Line: 21
    Warning (13410): Pin "pl_dlpstart[63]" is stuck at GND File: /home/msm/mohamed/GP/hdl/Packet_Identifier/packet_identifier.v Line: 21
    Warning (13410): Pin "pl_dlpend[16]" is stuck at GND File: /home/msm/mohamed/GP/hdl/Packet_Identifier/packet_identifier.v Line: 22
    Warning (13410): Pin "pl_dlpend[17]" is stuck at GND File: /home/msm/mohamed/GP/hdl/Packet_Identifier/packet_identifier.v Line: 22
    Warning (13410): Pin "pl_dlpend[18]" is stuck at GND File: /home/msm/mohamed/GP/hdl/Packet_Identifier/packet_identifier.v Line: 22
    Warning (13410): Pin "pl_dlpend[19]" is stuck at GND File: /home/msm/mohamed/GP/hdl/Packet_Identifier/packet_identifier.v Line: 22
    Warning (13410): Pin "pl_dlpend[20]" is stuck at GND File: /home/msm/mohamed/GP/hdl/Packet_Identifier/packet_identifier.v Line: 22
    Warning (13410): Pin "pl_dlpend[21]" is stuck at GND File: /home/msm/mohamed/GP/hdl/Packet_Identifier/packet_identifier.v Line: 22
    Warning (13410): Pin "pl_dlpend[22]" is stuck at GND File: /home/msm/mohamed/GP/hdl/Packet_Identifier/packet_identifier.v Line: 22
    Warning (13410): Pin "pl_dlpend[23]" is stuck at GND File: /home/msm/mohamed/GP/hdl/Packet_Identifier/packet_identifier.v Line: 22
    Warning (13410): Pin "pl_dlpend[24]" is stuck at GND File: /home/msm/mohamed/GP/hdl/Packet_Identifier/packet_identifier.v Line: 22
    Warning (13410): Pin "pl_dlpend[25]" is stuck at GND File: /home/msm/mohamed/GP/hdl/Packet_Identifier/packet_identifier.v Line: 22
    Warning (13410): Pin "pl_dlpend[26]" is stuck at GND File: /home/msm/mohamed/GP/hdl/Packet_Identifier/packet_identifier.v Line: 22
    Warning (13410): Pin "pl_dlpend[27]" is stuck at GND File: /home/msm/mohamed/GP/hdl/Packet_Identifier/packet_identifier.v Line: 22
    Warning (13410): Pin "pl_dlpend[28]" is stuck at GND File: /home/msm/mohamed/GP/hdl/Packet_Identifier/packet_identifier.v Line: 22
    Warning (13410): Pin "pl_dlpend[29]" is stuck at GND File: /home/msm/mohamed/GP/hdl/Packet_Identifier/packet_identifier.v Line: 22
    Warning (13410): Pin "pl_dlpend[30]" is stuck at GND File: /home/msm/mohamed/GP/hdl/Packet_Identifier/packet_identifier.v Line: 22
    Warning (13410): Pin "pl_dlpend[31]" is stuck at GND File: /home/msm/mohamed/GP/hdl/Packet_Identifier/packet_identifier.v Line: 22
    Warning (13410): Pin "pl_dlpend[32]" is stuck at GND File: /home/msm/mohamed/GP/hdl/Packet_Identifier/packet_identifier.v Line: 22
    Warning (13410): Pin "pl_dlpend[33]" is stuck at GND File: /home/msm/mohamed/GP/hdl/Packet_Identifier/packet_identifier.v Line: 22
    Warning (13410): Pin "pl_dlpend[34]" is stuck at GND File: /home/msm/mohamed/GP/hdl/Packet_Identifier/packet_identifier.v Line: 22
    Warning (13410): Pin "pl_dlpend[35]" is stuck at GND File: /home/msm/mohamed/GP/hdl/Packet_Identifier/packet_identifier.v Line: 22
    Warning (13410): Pin "pl_dlpend[36]" is stuck at GND File: /home/msm/mohamed/GP/hdl/Packet_Identifier/packet_identifier.v Line: 22
    Warning (13410): Pin "pl_dlpend[37]" is stuck at GND File: /home/msm/mohamed/GP/hdl/Packet_Identifier/packet_identifier.v Line: 22
    Warning (13410): Pin "pl_dlpend[38]" is stuck at GND File: /home/msm/mohamed/GP/hdl/Packet_Identifier/packet_identifier.v Line: 22
    Warning (13410): Pin "pl_dlpend[39]" is stuck at GND File: /home/msm/mohamed/GP/hdl/Packet_Identifier/packet_identifier.v Line: 22
    Warning (13410): Pin "pl_dlpend[40]" is stuck at GND File: /home/msm/mohamed/GP/hdl/Packet_Identifier/packet_identifier.v Line: 22
    Warning (13410): Pin "pl_dlpend[41]" is stuck at GND File: /home/msm/mohamed/GP/hdl/Packet_Identifier/packet_identifier.v Line: 22
    Warning (13410): Pin "pl_dlpend[42]" is stuck at GND File: /home/msm/mohamed/GP/hdl/Packet_Identifier/packet_identifier.v Line: 22
    Warning (13410): Pin "pl_dlpend[43]" is stuck at GND File: /home/msm/mohamed/GP/hdl/Packet_Identifier/packet_identifier.v Line: 22
    Warning (13410): Pin "pl_dlpend[44]" is stuck at GND File: /home/msm/mohamed/GP/hdl/Packet_Identifier/packet_identifier.v Line: 22
    Warning (13410): Pin "pl_dlpend[45]" is stuck at GND File: /home/msm/mohamed/GP/hdl/Packet_Identifier/packet_identifier.v Line: 22
    Warning (13410): Pin "pl_dlpend[46]" is stuck at GND File: /home/msm/mohamed/GP/hdl/Packet_Identifier/packet_identifier.v Line: 22
    Warning (13410): Pin "pl_dlpend[47]" is stuck at GND File: /home/msm/mohamed/GP/hdl/Packet_Identifier/packet_identifier.v Line: 22
    Warning (13410): Pin "pl_dlpend[48]" is stuck at GND File: /home/msm/mohamed/GP/hdl/Packet_Identifier/packet_identifier.v Line: 22
    Warning (13410): Pin "pl_dlpend[49]" is stuck at GND File: /home/msm/mohamed/GP/hdl/Packet_Identifier/packet_identifier.v Line: 22
    Warning (13410): Pin "pl_dlpend[50]" is stuck at GND File: /home/msm/mohamed/GP/hdl/Packet_Identifier/packet_identifier.v Line: 22
    Warning (13410): Pin "pl_dlpend[51]" is stuck at GND File: /home/msm/mohamed/GP/hdl/Packet_Identifier/packet_identifier.v Line: 22
    Warning (13410): Pin "pl_dlpend[52]" is stuck at GND File: /home/msm/mohamed/GP/hdl/Packet_Identifier/packet_identifier.v Line: 22
    Warning (13410): Pin "pl_dlpend[53]" is stuck at GND File: /home/msm/mohamed/GP/hdl/Packet_Identifier/packet_identifier.v Line: 22
    Warning (13410): Pin "pl_dlpend[54]" is stuck at GND File: /home/msm/mohamed/GP/hdl/Packet_Identifier/packet_identifier.v Line: 22
    Warning (13410): Pin "pl_dlpend[55]" is stuck at GND File: /home/msm/mohamed/GP/hdl/Packet_Identifier/packet_identifier.v Line: 22
    Warning (13410): Pin "pl_dlpend[56]" is stuck at GND File: /home/msm/mohamed/GP/hdl/Packet_Identifier/packet_identifier.v Line: 22
    Warning (13410): Pin "pl_dlpend[57]" is stuck at GND File: /home/msm/mohamed/GP/hdl/Packet_Identifier/packet_identifier.v Line: 22
    Warning (13410): Pin "pl_dlpend[58]" is stuck at GND File: /home/msm/mohamed/GP/hdl/Packet_Identifier/packet_identifier.v Line: 22
    Warning (13410): Pin "pl_dlpend[59]" is stuck at GND File: /home/msm/mohamed/GP/hdl/Packet_Identifier/packet_identifier.v Line: 22
    Warning (13410): Pin "pl_dlpend[60]" is stuck at GND File: /home/msm/mohamed/GP/hdl/Packet_Identifier/packet_identifier.v Line: 22
    Warning (13410): Pin "pl_dlpend[61]" is stuck at GND File: /home/msm/mohamed/GP/hdl/Packet_Identifier/packet_identifier.v Line: 22
    Warning (13410): Pin "pl_dlpend[62]" is stuck at GND File: /home/msm/mohamed/GP/hdl/Packet_Identifier/packet_identifier.v Line: 22
    Warning (13410): Pin "pl_dlpend[63]" is stuck at GND File: /home/msm/mohamed/GP/hdl/Packet_Identifier/packet_identifier.v Line: 22
    Warning (13410): Pin "pl_tlpstart[16]" is stuck at GND File: /home/msm/mohamed/GP/hdl/Packet_Identifier/packet_identifier.v Line: 23
    Warning (13410): Pin "pl_tlpstart[17]" is stuck at GND File: /home/msm/mohamed/GP/hdl/Packet_Identifier/packet_identifier.v Line: 23
    Warning (13410): Pin "pl_tlpstart[18]" is stuck at GND File: /home/msm/mohamed/GP/hdl/Packet_Identifier/packet_identifier.v Line: 23
    Warning (13410): Pin "pl_tlpstart[19]" is stuck at GND File: /home/msm/mohamed/GP/hdl/Packet_Identifier/packet_identifier.v Line: 23
    Warning (13410): Pin "pl_tlpstart[20]" is stuck at GND File: /home/msm/mohamed/GP/hdl/Packet_Identifier/packet_identifier.v Line: 23
    Warning (13410): Pin "pl_tlpstart[21]" is stuck at GND File: /home/msm/mohamed/GP/hdl/Packet_Identifier/packet_identifier.v Line: 23
    Warning (13410): Pin "pl_tlpstart[22]" is stuck at GND File: /home/msm/mohamed/GP/hdl/Packet_Identifier/packet_identifier.v Line: 23
    Warning (13410): Pin "pl_tlpstart[23]" is stuck at GND File: /home/msm/mohamed/GP/hdl/Packet_Identifier/packet_identifier.v Line: 23
    Warning (13410): Pin "pl_tlpstart[24]" is stuck at GND File: /home/msm/mohamed/GP/hdl/Packet_Identifier/packet_identifier.v Line: 23
    Warning (13410): Pin "pl_tlpstart[25]" is stuck at GND File: /home/msm/mohamed/GP/hdl/Packet_Identifier/packet_identifier.v Line: 23
    Warning (13410): Pin "pl_tlpstart[26]" is stuck at GND File: /home/msm/mohamed/GP/hdl/Packet_Identifier/packet_identifier.v Line: 23
    Warning (13410): Pin "pl_tlpstart[27]" is stuck at GND File: /home/msm/mohamed/GP/hdl/Packet_Identifier/packet_identifier.v Line: 23
    Warning (13410): Pin "pl_tlpstart[28]" is stuck at GND File: /home/msm/mohamed/GP/hdl/Packet_Identifier/packet_identifier.v Line: 23
    Warning (13410): Pin "pl_tlpstart[29]" is stuck at GND File: /home/msm/mohamed/GP/hdl/Packet_Identifier/packet_identifier.v Line: 23
    Warning (13410): Pin "pl_tlpstart[30]" is stuck at GND File: /home/msm/mohamed/GP/hdl/Packet_Identifier/packet_identifier.v Line: 23
    Warning (13410): Pin "pl_tlpstart[31]" is stuck at GND File: /home/msm/mohamed/GP/hdl/Packet_Identifier/packet_identifier.v Line: 23
    Warning (13410): Pin "pl_tlpstart[32]" is stuck at GND File: /home/msm/mohamed/GP/hdl/Packet_Identifier/packet_identifier.v Line: 23
    Warning (13410): Pin "pl_tlpstart[33]" is stuck at GND File: /home/msm/mohamed/GP/hdl/Packet_Identifier/packet_identifier.v Line: 23
    Warning (13410): Pin "pl_tlpstart[34]" is stuck at GND File: /home/msm/mohamed/GP/hdl/Packet_Identifier/packet_identifier.v Line: 23
    Warning (13410): Pin "pl_tlpstart[35]" is stuck at GND File: /home/msm/mohamed/GP/hdl/Packet_Identifier/packet_identifier.v Line: 23
    Warning (13410): Pin "pl_tlpstart[36]" is stuck at GND File: /home/msm/mohamed/GP/hdl/Packet_Identifier/packet_identifier.v Line: 23
    Warning (13410): Pin "pl_tlpstart[37]" is stuck at GND File: /home/msm/mohamed/GP/hdl/Packet_Identifier/packet_identifier.v Line: 23
    Warning (13410): Pin "pl_tlpstart[38]" is stuck at GND File: /home/msm/mohamed/GP/hdl/Packet_Identifier/packet_identifier.v Line: 23
    Warning (13410): Pin "pl_tlpstart[39]" is stuck at GND File: /home/msm/mohamed/GP/hdl/Packet_Identifier/packet_identifier.v Line: 23
    Warning (13410): Pin "pl_tlpstart[40]" is stuck at GND File: /home/msm/mohamed/GP/hdl/Packet_Identifier/packet_identifier.v Line: 23
    Warning (13410): Pin "pl_tlpstart[41]" is stuck at GND File: /home/msm/mohamed/GP/hdl/Packet_Identifier/packet_identifier.v Line: 23
    Warning (13410): Pin "pl_tlpstart[42]" is stuck at GND File: /home/msm/mohamed/GP/hdl/Packet_Identifier/packet_identifier.v Line: 23
    Warning (13410): Pin "pl_tlpstart[43]" is stuck at GND File: /home/msm/mohamed/GP/hdl/Packet_Identifier/packet_identifier.v Line: 23
    Warning (13410): Pin "pl_tlpstart[44]" is stuck at GND File: /home/msm/mohamed/GP/hdl/Packet_Identifier/packet_identifier.v Line: 23
    Warning (13410): Pin "pl_tlpstart[45]" is stuck at GND File: /home/msm/mohamed/GP/hdl/Packet_Identifier/packet_identifier.v Line: 23
    Warning (13410): Pin "pl_tlpstart[46]" is stuck at GND File: /home/msm/mohamed/GP/hdl/Packet_Identifier/packet_identifier.v Line: 23
    Warning (13410): Pin "pl_tlpstart[47]" is stuck at GND File: /home/msm/mohamed/GP/hdl/Packet_Identifier/packet_identifier.v Line: 23
    Warning (13410): Pin "pl_tlpstart[48]" is stuck at GND File: /home/msm/mohamed/GP/hdl/Packet_Identifier/packet_identifier.v Line: 23
    Warning (13410): Pin "pl_tlpstart[49]" is stuck at GND File: /home/msm/mohamed/GP/hdl/Packet_Identifier/packet_identifier.v Line: 23
    Warning (13410): Pin "pl_tlpstart[50]" is stuck at GND File: /home/msm/mohamed/GP/hdl/Packet_Identifier/packet_identifier.v Line: 23
    Warning (13410): Pin "pl_tlpstart[51]" is stuck at GND File: /home/msm/mohamed/GP/hdl/Packet_Identifier/packet_identifier.v Line: 23
    Warning (13410): Pin "pl_tlpstart[52]" is stuck at GND File: /home/msm/mohamed/GP/hdl/Packet_Identifier/packet_identifier.v Line: 23
    Warning (13410): Pin "pl_tlpstart[53]" is stuck at GND File: /home/msm/mohamed/GP/hdl/Packet_Identifier/packet_identifier.v Line: 23
    Warning (13410): Pin "pl_tlpstart[54]" is stuck at GND File: /home/msm/mohamed/GP/hdl/Packet_Identifier/packet_identifier.v Line: 23
    Warning (13410): Pin "pl_tlpstart[55]" is stuck at GND File: /home/msm/mohamed/GP/hdl/Packet_Identifier/packet_identifier.v Line: 23
    Warning (13410): Pin "pl_tlpstart[56]" is stuck at GND File: /home/msm/mohamed/GP/hdl/Packet_Identifier/packet_identifier.v Line: 23
    Warning (13410): Pin "pl_tlpstart[57]" is stuck at GND File: /home/msm/mohamed/GP/hdl/Packet_Identifier/packet_identifier.v Line: 23
    Warning (13410): Pin "pl_tlpstart[58]" is stuck at GND File: /home/msm/mohamed/GP/hdl/Packet_Identifier/packet_identifier.v Line: 23
    Warning (13410): Pin "pl_tlpstart[59]" is stuck at GND File: /home/msm/mohamed/GP/hdl/Packet_Identifier/packet_identifier.v Line: 23
    Warning (13410): Pin "pl_tlpstart[60]" is stuck at GND File: /home/msm/mohamed/GP/hdl/Packet_Identifier/packet_identifier.v Line: 23
    Warning (13410): Pin "pl_tlpstart[61]" is stuck at GND File: /home/msm/mohamed/GP/hdl/Packet_Identifier/packet_identifier.v Line: 23
    Warning (13410): Pin "pl_tlpstart[62]" is stuck at GND File: /home/msm/mohamed/GP/hdl/Packet_Identifier/packet_identifier.v Line: 23
    Warning (13410): Pin "pl_tlpstart[63]" is stuck at GND File: /home/msm/mohamed/GP/hdl/Packet_Identifier/packet_identifier.v Line: 23
    Warning (13410): Pin "pl_tlpedb[16]" is stuck at GND File: /home/msm/mohamed/GP/hdl/Packet_Identifier/packet_identifier.v Line: 24
    Warning (13410): Pin "pl_tlpedb[17]" is stuck at GND File: /home/msm/mohamed/GP/hdl/Packet_Identifier/packet_identifier.v Line: 24
    Warning (13410): Pin "pl_tlpedb[18]" is stuck at GND File: /home/msm/mohamed/GP/hdl/Packet_Identifier/packet_identifier.v Line: 24
    Warning (13410): Pin "pl_tlpedb[19]" is stuck at GND File: /home/msm/mohamed/GP/hdl/Packet_Identifier/packet_identifier.v Line: 24
    Warning (13410): Pin "pl_tlpedb[20]" is stuck at GND File: /home/msm/mohamed/GP/hdl/Packet_Identifier/packet_identifier.v Line: 24
    Warning (13410): Pin "pl_tlpedb[21]" is stuck at GND File: /home/msm/mohamed/GP/hdl/Packet_Identifier/packet_identifier.v Line: 24
    Warning (13410): Pin "pl_tlpedb[22]" is stuck at GND File: /home/msm/mohamed/GP/hdl/Packet_Identifier/packet_identifier.v Line: 24
    Warning (13410): Pin "pl_tlpedb[23]" is stuck at GND File: /home/msm/mohamed/GP/hdl/Packet_Identifier/packet_identifier.v Line: 24
    Warning (13410): Pin "pl_tlpedb[24]" is stuck at GND File: /home/msm/mohamed/GP/hdl/Packet_Identifier/packet_identifier.v Line: 24
    Warning (13410): Pin "pl_tlpedb[25]" is stuck at GND File: /home/msm/mohamed/GP/hdl/Packet_Identifier/packet_identifier.v Line: 24
    Warning (13410): Pin "pl_tlpedb[26]" is stuck at GND File: /home/msm/mohamed/GP/hdl/Packet_Identifier/packet_identifier.v Line: 24
    Warning (13410): Pin "pl_tlpedb[27]" is stuck at GND File: /home/msm/mohamed/GP/hdl/Packet_Identifier/packet_identifier.v Line: 24
    Warning (13410): Pin "pl_tlpedb[28]" is stuck at GND File: /home/msm/mohamed/GP/hdl/Packet_Identifier/packet_identifier.v Line: 24
    Warning (13410): Pin "pl_tlpedb[29]" is stuck at GND File: /home/msm/mohamed/GP/hdl/Packet_Identifier/packet_identifier.v Line: 24
    Warning (13410): Pin "pl_tlpedb[30]" is stuck at GND File: /home/msm/mohamed/GP/hdl/Packet_Identifier/packet_identifier.v Line: 24
    Warning (13410): Pin "pl_tlpedb[31]" is stuck at GND File: /home/msm/mohamed/GP/hdl/Packet_Identifier/packet_identifier.v Line: 24
    Warning (13410): Pin "pl_tlpedb[32]" is stuck at GND File: /home/msm/mohamed/GP/hdl/Packet_Identifier/packet_identifier.v Line: 24
    Warning (13410): Pin "pl_tlpedb[33]" is stuck at GND File: /home/msm/mohamed/GP/hdl/Packet_Identifier/packet_identifier.v Line: 24
    Warning (13410): Pin "pl_tlpedb[34]" is stuck at GND File: /home/msm/mohamed/GP/hdl/Packet_Identifier/packet_identifier.v Line: 24
    Warning (13410): Pin "pl_tlpedb[35]" is stuck at GND File: /home/msm/mohamed/GP/hdl/Packet_Identifier/packet_identifier.v Line: 24
    Warning (13410): Pin "pl_tlpedb[36]" is stuck at GND File: /home/msm/mohamed/GP/hdl/Packet_Identifier/packet_identifier.v Line: 24
    Warning (13410): Pin "pl_tlpedb[37]" is stuck at GND File: /home/msm/mohamed/GP/hdl/Packet_Identifier/packet_identifier.v Line: 24
    Warning (13410): Pin "pl_tlpedb[38]" is stuck at GND File: /home/msm/mohamed/GP/hdl/Packet_Identifier/packet_identifier.v Line: 24
    Warning (13410): Pin "pl_tlpedb[39]" is stuck at GND File: /home/msm/mohamed/GP/hdl/Packet_Identifier/packet_identifier.v Line: 24
    Warning (13410): Pin "pl_tlpedb[40]" is stuck at GND File: /home/msm/mohamed/GP/hdl/Packet_Identifier/packet_identifier.v Line: 24
    Warning (13410): Pin "pl_tlpedb[41]" is stuck at GND File: /home/msm/mohamed/GP/hdl/Packet_Identifier/packet_identifier.v Line: 24
    Warning (13410): Pin "pl_tlpedb[42]" is stuck at GND File: /home/msm/mohamed/GP/hdl/Packet_Identifier/packet_identifier.v Line: 24
    Warning (13410): Pin "pl_tlpedb[43]" is stuck at GND File: /home/msm/mohamed/GP/hdl/Packet_Identifier/packet_identifier.v Line: 24
    Warning (13410): Pin "pl_tlpedb[44]" is stuck at GND File: /home/msm/mohamed/GP/hdl/Packet_Identifier/packet_identifier.v Line: 24
    Warning (13410): Pin "pl_tlpedb[45]" is stuck at GND File: /home/msm/mohamed/GP/hdl/Packet_Identifier/packet_identifier.v Line: 24
    Warning (13410): Pin "pl_tlpedb[46]" is stuck at GND File: /home/msm/mohamed/GP/hdl/Packet_Identifier/packet_identifier.v Line: 24
    Warning (13410): Pin "pl_tlpedb[47]" is stuck at GND File: /home/msm/mohamed/GP/hdl/Packet_Identifier/packet_identifier.v Line: 24
    Warning (13410): Pin "pl_tlpedb[48]" is stuck at GND File: /home/msm/mohamed/GP/hdl/Packet_Identifier/packet_identifier.v Line: 24
    Warning (13410): Pin "pl_tlpedb[49]" is stuck at GND File: /home/msm/mohamed/GP/hdl/Packet_Identifier/packet_identifier.v Line: 24
    Warning (13410): Pin "pl_tlpedb[50]" is stuck at GND File: /home/msm/mohamed/GP/hdl/Packet_Identifier/packet_identifier.v Line: 24
    Warning (13410): Pin "pl_tlpedb[51]" is stuck at GND File: /home/msm/mohamed/GP/hdl/Packet_Identifier/packet_identifier.v Line: 24
    Warning (13410): Pin "pl_tlpedb[52]" is stuck at GND File: /home/msm/mohamed/GP/hdl/Packet_Identifier/packet_identifier.v Line: 24
    Warning (13410): Pin "pl_tlpedb[53]" is stuck at GND File: /home/msm/mohamed/GP/hdl/Packet_Identifier/packet_identifier.v Line: 24
    Warning (13410): Pin "pl_tlpedb[54]" is stuck at GND File: /home/msm/mohamed/GP/hdl/Packet_Identifier/packet_identifier.v Line: 24
    Warning (13410): Pin "pl_tlpedb[55]" is stuck at GND File: /home/msm/mohamed/GP/hdl/Packet_Identifier/packet_identifier.v Line: 24
    Warning (13410): Pin "pl_tlpedb[56]" is stuck at GND File: /home/msm/mohamed/GP/hdl/Packet_Identifier/packet_identifier.v Line: 24
    Warning (13410): Pin "pl_tlpedb[57]" is stuck at GND File: /home/msm/mohamed/GP/hdl/Packet_Identifier/packet_identifier.v Line: 24
    Warning (13410): Pin "pl_tlpedb[58]" is stuck at GND File: /home/msm/mohamed/GP/hdl/Packet_Identifier/packet_identifier.v Line: 24
    Warning (13410): Pin "pl_tlpedb[59]" is stuck at GND File: /home/msm/mohamed/GP/hdl/Packet_Identifier/packet_identifier.v Line: 24
    Warning (13410): Pin "pl_tlpedb[60]" is stuck at GND File: /home/msm/mohamed/GP/hdl/Packet_Identifier/packet_identifier.v Line: 24
    Warning (13410): Pin "pl_tlpedb[61]" is stuck at GND File: /home/msm/mohamed/GP/hdl/Packet_Identifier/packet_identifier.v Line: 24
    Warning (13410): Pin "pl_tlpedb[62]" is stuck at GND File: /home/msm/mohamed/GP/hdl/Packet_Identifier/packet_identifier.v Line: 24
    Warning (13410): Pin "pl_tlpedb[63]" is stuck at GND File: /home/msm/mohamed/GP/hdl/Packet_Identifier/packet_identifier.v Line: 24
    Warning (13410): Pin "pl_tlpend[16]" is stuck at GND File: /home/msm/mohamed/GP/hdl/Packet_Identifier/packet_identifier.v Line: 25
    Warning (13410): Pin "pl_tlpend[17]" is stuck at GND File: /home/msm/mohamed/GP/hdl/Packet_Identifier/packet_identifier.v Line: 25
    Warning (13410): Pin "pl_tlpend[18]" is stuck at GND File: /home/msm/mohamed/GP/hdl/Packet_Identifier/packet_identifier.v Line: 25
    Warning (13410): Pin "pl_tlpend[19]" is stuck at GND File: /home/msm/mohamed/GP/hdl/Packet_Identifier/packet_identifier.v Line: 25
    Warning (13410): Pin "pl_tlpend[20]" is stuck at GND File: /home/msm/mohamed/GP/hdl/Packet_Identifier/packet_identifier.v Line: 25
    Warning (13410): Pin "pl_tlpend[21]" is stuck at GND File: /home/msm/mohamed/GP/hdl/Packet_Identifier/packet_identifier.v Line: 25
    Warning (13410): Pin "pl_tlpend[22]" is stuck at GND File: /home/msm/mohamed/GP/hdl/Packet_Identifier/packet_identifier.v Line: 25
    Warning (13410): Pin "pl_tlpend[23]" is stuck at GND File: /home/msm/mohamed/GP/hdl/Packet_Identifier/packet_identifier.v Line: 25
    Warning (13410): Pin "pl_tlpend[24]" is stuck at GND File: /home/msm/mohamed/GP/hdl/Packet_Identifier/packet_identifier.v Line: 25
    Warning (13410): Pin "pl_tlpend[25]" is stuck at GND File: /home/msm/mohamed/GP/hdl/Packet_Identifier/packet_identifier.v Line: 25
    Warning (13410): Pin "pl_tlpend[26]" is stuck at GND File: /home/msm/mohamed/GP/hdl/Packet_Identifier/packet_identifier.v Line: 25
    Warning (13410): Pin "pl_tlpend[27]" is stuck at GND File: /home/msm/mohamed/GP/hdl/Packet_Identifier/packet_identifier.v Line: 25
    Warning (13410): Pin "pl_tlpend[28]" is stuck at GND File: /home/msm/mohamed/GP/hdl/Packet_Identifier/packet_identifier.v Line: 25
    Warning (13410): Pin "pl_tlpend[29]" is stuck at GND File: /home/msm/mohamed/GP/hdl/Packet_Identifier/packet_identifier.v Line: 25
    Warning (13410): Pin "pl_tlpend[30]" is stuck at GND File: /home/msm/mohamed/GP/hdl/Packet_Identifier/packet_identifier.v Line: 25
    Warning (13410): Pin "pl_tlpend[31]" is stuck at GND File: /home/msm/mohamed/GP/hdl/Packet_Identifier/packet_identifier.v Line: 25
    Warning (13410): Pin "pl_tlpend[32]" is stuck at GND File: /home/msm/mohamed/GP/hdl/Packet_Identifier/packet_identifier.v Line: 25
    Warning (13410): Pin "pl_tlpend[33]" is stuck at GND File: /home/msm/mohamed/GP/hdl/Packet_Identifier/packet_identifier.v Line: 25
    Warning (13410): Pin "pl_tlpend[34]" is stuck at GND File: /home/msm/mohamed/GP/hdl/Packet_Identifier/packet_identifier.v Line: 25
    Warning (13410): Pin "pl_tlpend[35]" is stuck at GND File: /home/msm/mohamed/GP/hdl/Packet_Identifier/packet_identifier.v Line: 25
    Warning (13410): Pin "pl_tlpend[36]" is stuck at GND File: /home/msm/mohamed/GP/hdl/Packet_Identifier/packet_identifier.v Line: 25
    Warning (13410): Pin "pl_tlpend[37]" is stuck at GND File: /home/msm/mohamed/GP/hdl/Packet_Identifier/packet_identifier.v Line: 25
    Warning (13410): Pin "pl_tlpend[38]" is stuck at GND File: /home/msm/mohamed/GP/hdl/Packet_Identifier/packet_identifier.v Line: 25
    Warning (13410): Pin "pl_tlpend[39]" is stuck at GND File: /home/msm/mohamed/GP/hdl/Packet_Identifier/packet_identifier.v Line: 25
    Warning (13410): Pin "pl_tlpend[40]" is stuck at GND File: /home/msm/mohamed/GP/hdl/Packet_Identifier/packet_identifier.v Line: 25
    Warning (13410): Pin "pl_tlpend[41]" is stuck at GND File: /home/msm/mohamed/GP/hdl/Packet_Identifier/packet_identifier.v Line: 25
    Warning (13410): Pin "pl_tlpend[42]" is stuck at GND File: /home/msm/mohamed/GP/hdl/Packet_Identifier/packet_identifier.v Line: 25
    Warning (13410): Pin "pl_tlpend[43]" is stuck at GND File: /home/msm/mohamed/GP/hdl/Packet_Identifier/packet_identifier.v Line: 25
    Warning (13410): Pin "pl_tlpend[44]" is stuck at GND File: /home/msm/mohamed/GP/hdl/Packet_Identifier/packet_identifier.v Line: 25
    Warning (13410): Pin "pl_tlpend[45]" is stuck at GND File: /home/msm/mohamed/GP/hdl/Packet_Identifier/packet_identifier.v Line: 25
    Warning (13410): Pin "pl_tlpend[46]" is stuck at GND File: /home/msm/mohamed/GP/hdl/Packet_Identifier/packet_identifier.v Line: 25
    Warning (13410): Pin "pl_tlpend[47]" is stuck at GND File: /home/msm/mohamed/GP/hdl/Packet_Identifier/packet_identifier.v Line: 25
    Warning (13410): Pin "pl_tlpend[48]" is stuck at GND File: /home/msm/mohamed/GP/hdl/Packet_Identifier/packet_identifier.v Line: 25
    Warning (13410): Pin "pl_tlpend[49]" is stuck at GND File: /home/msm/mohamed/GP/hdl/Packet_Identifier/packet_identifier.v Line: 25
    Warning (13410): Pin "pl_tlpend[50]" is stuck at GND File: /home/msm/mohamed/GP/hdl/Packet_Identifier/packet_identifier.v Line: 25
    Warning (13410): Pin "pl_tlpend[51]" is stuck at GND File: /home/msm/mohamed/GP/hdl/Packet_Identifier/packet_identifier.v Line: 25
    Warning (13410): Pin "pl_tlpend[52]" is stuck at GND File: /home/msm/mohamed/GP/hdl/Packet_Identifier/packet_identifier.v Line: 25
    Warning (13410): Pin "pl_tlpend[53]" is stuck at GND File: /home/msm/mohamed/GP/hdl/Packet_Identifier/packet_identifier.v Line: 25
    Warning (13410): Pin "pl_tlpend[54]" is stuck at GND File: /home/msm/mohamed/GP/hdl/Packet_Identifier/packet_identifier.v Line: 25
    Warning (13410): Pin "pl_tlpend[55]" is stuck at GND File: /home/msm/mohamed/GP/hdl/Packet_Identifier/packet_identifier.v Line: 25
    Warning (13410): Pin "pl_tlpend[56]" is stuck at GND File: /home/msm/mohamed/GP/hdl/Packet_Identifier/packet_identifier.v Line: 25
    Warning (13410): Pin "pl_tlpend[57]" is stuck at GND File: /home/msm/mohamed/GP/hdl/Packet_Identifier/packet_identifier.v Line: 25
    Warning (13410): Pin "pl_tlpend[58]" is stuck at GND File: /home/msm/mohamed/GP/hdl/Packet_Identifier/packet_identifier.v Line: 25
    Warning (13410): Pin "pl_tlpend[59]" is stuck at GND File: /home/msm/mohamed/GP/hdl/Packet_Identifier/packet_identifier.v Line: 25
    Warning (13410): Pin "pl_tlpend[60]" is stuck at GND File: /home/msm/mohamed/GP/hdl/Packet_Identifier/packet_identifier.v Line: 25
    Warning (13410): Pin "pl_tlpend[61]" is stuck at GND File: /home/msm/mohamed/GP/hdl/Packet_Identifier/packet_identifier.v Line: 25
    Warning (13410): Pin "pl_tlpend[62]" is stuck at GND File: /home/msm/mohamed/GP/hdl/Packet_Identifier/packet_identifier.v Line: 25
    Warning (13410): Pin "pl_tlpend[63]" is stuck at GND File: /home/msm/mohamed/GP/hdl/Packet_Identifier/packet_identifier.v Line: 25
Info (286030): Timing-Driven Synthesis is running
Info (16010): Generating hard_block partition "hard_block:auto_generated_inst"
    Info (16011): Adding 0 node(s), including 0 DDIO, 0 PLL, 0 transceiver and 0 LCELL
Warning (21074): Design contains 48 input pin(s) that do not drive logic
    Warning (15610): No output dependent on input pin "DK[16]" File: /home/msm/mohamed/GP/hdl/Packet_Identifier/packet_identifier.v Line: 13
    Warning (15610): No output dependent on input pin "DK[17]" File: /home/msm/mohamed/GP/hdl/Packet_Identifier/packet_identifier.v Line: 13
    Warning (15610): No output dependent on input pin "DK[18]" File: /home/msm/mohamed/GP/hdl/Packet_Identifier/packet_identifier.v Line: 13
    Warning (15610): No output dependent on input pin "DK[19]" File: /home/msm/mohamed/GP/hdl/Packet_Identifier/packet_identifier.v Line: 13
    Warning (15610): No output dependent on input pin "DK[20]" File: /home/msm/mohamed/GP/hdl/Packet_Identifier/packet_identifier.v Line: 13
    Warning (15610): No output dependent on input pin "DK[21]" File: /home/msm/mohamed/GP/hdl/Packet_Identifier/packet_identifier.v Line: 13
    Warning (15610): No output dependent on input pin "DK[22]" File: /home/msm/mohamed/GP/hdl/Packet_Identifier/packet_identifier.v Line: 13
    Warning (15610): No output dependent on input pin "DK[23]" File: /home/msm/mohamed/GP/hdl/Packet_Identifier/packet_identifier.v Line: 13
    Warning (15610): No output dependent on input pin "DK[24]" File: /home/msm/mohamed/GP/hdl/Packet_Identifier/packet_identifier.v Line: 13
    Warning (15610): No output dependent on input pin "DK[25]" File: /home/msm/mohamed/GP/hdl/Packet_Identifier/packet_identifier.v Line: 13
    Warning (15610): No output dependent on input pin "DK[26]" File: /home/msm/mohamed/GP/hdl/Packet_Identifier/packet_identifier.v Line: 13
    Warning (15610): No output dependent on input pin "DK[27]" File: /home/msm/mohamed/GP/hdl/Packet_Identifier/packet_identifier.v Line: 13
    Warning (15610): No output dependent on input pin "DK[28]" File: /home/msm/mohamed/GP/hdl/Packet_Identifier/packet_identifier.v Line: 13
    Warning (15610): No output dependent on input pin "DK[29]" File: /home/msm/mohamed/GP/hdl/Packet_Identifier/packet_identifier.v Line: 13
    Warning (15610): No output dependent on input pin "DK[30]" File: /home/msm/mohamed/GP/hdl/Packet_Identifier/packet_identifier.v Line: 13
    Warning (15610): No output dependent on input pin "DK[31]" File: /home/msm/mohamed/GP/hdl/Packet_Identifier/packet_identifier.v Line: 13
    Warning (15610): No output dependent on input pin "DK[32]" File: /home/msm/mohamed/GP/hdl/Packet_Identifier/packet_identifier.v Line: 13
    Warning (15610): No output dependent on input pin "DK[33]" File: /home/msm/mohamed/GP/hdl/Packet_Identifier/packet_identifier.v Line: 13
    Warning (15610): No output dependent on input pin "DK[34]" File: /home/msm/mohamed/GP/hdl/Packet_Identifier/packet_identifier.v Line: 13
    Warning (15610): No output dependent on input pin "DK[35]" File: /home/msm/mohamed/GP/hdl/Packet_Identifier/packet_identifier.v Line: 13
    Warning (15610): No output dependent on input pin "DK[36]" File: /home/msm/mohamed/GP/hdl/Packet_Identifier/packet_identifier.v Line: 13
    Warning (15610): No output dependent on input pin "DK[37]" File: /home/msm/mohamed/GP/hdl/Packet_Identifier/packet_identifier.v Line: 13
    Warning (15610): No output dependent on input pin "DK[38]" File: /home/msm/mohamed/GP/hdl/Packet_Identifier/packet_identifier.v Line: 13
    Warning (15610): No output dependent on input pin "DK[39]" File: /home/msm/mohamed/GP/hdl/Packet_Identifier/packet_identifier.v Line: 13
    Warning (15610): No output dependent on input pin "DK[40]" File: /home/msm/mohamed/GP/hdl/Packet_Identifier/packet_identifier.v Line: 13
    Warning (15610): No output dependent on input pin "DK[41]" File: /home/msm/mohamed/GP/hdl/Packet_Identifier/packet_identifier.v Line: 13
    Warning (15610): No output dependent on input pin "DK[42]" File: /home/msm/mohamed/GP/hdl/Packet_Identifier/packet_identifier.v Line: 13
    Warning (15610): No output dependent on input pin "DK[43]" File: /home/msm/mohamed/GP/hdl/Packet_Identifier/packet_identifier.v Line: 13
    Warning (15610): No output dependent on input pin "DK[44]" File: /home/msm/mohamed/GP/hdl/Packet_Identifier/packet_identifier.v Line: 13
    Warning (15610): No output dependent on input pin "DK[45]" File: /home/msm/mohamed/GP/hdl/Packet_Identifier/packet_identifier.v Line: 13
    Warning (15610): No output dependent on input pin "DK[46]" File: /home/msm/mohamed/GP/hdl/Packet_Identifier/packet_identifier.v Line: 13
    Warning (15610): No output dependent on input pin "DK[47]" File: /home/msm/mohamed/GP/hdl/Packet_Identifier/packet_identifier.v Line: 13
    Warning (15610): No output dependent on input pin "DK[48]" File: /home/msm/mohamed/GP/hdl/Packet_Identifier/packet_identifier.v Line: 13
    Warning (15610): No output dependent on input pin "DK[49]" File: /home/msm/mohamed/GP/hdl/Packet_Identifier/packet_identifier.v Line: 13
    Warning (15610): No output dependent on input pin "DK[50]" File: /home/msm/mohamed/GP/hdl/Packet_Identifier/packet_identifier.v Line: 13
    Warning (15610): No output dependent on input pin "DK[51]" File: /home/msm/mohamed/GP/hdl/Packet_Identifier/packet_identifier.v Line: 13
    Warning (15610): No output dependent on input pin "DK[52]" File: /home/msm/mohamed/GP/hdl/Packet_Identifier/packet_identifier.v Line: 13
    Warning (15610): No output dependent on input pin "DK[53]" File: /home/msm/mohamed/GP/hdl/Packet_Identifier/packet_identifier.v Line: 13
    Warning (15610): No output dependent on input pin "DK[54]" File: /home/msm/mohamed/GP/hdl/Packet_Identifier/packet_identifier.v Line: 13
    Warning (15610): No output dependent on input pin "DK[55]" File: /home/msm/mohamed/GP/hdl/Packet_Identifier/packet_identifier.v Line: 13
    Warning (15610): No output dependent on input pin "DK[56]" File: /home/msm/mohamed/GP/hdl/Packet_Identifier/packet_identifier.v Line: 13
    Warning (15610): No output dependent on input pin "DK[57]" File: /home/msm/mohamed/GP/hdl/Packet_Identifier/packet_identifier.v Line: 13
    Warning (15610): No output dependent on input pin "DK[58]" File: /home/msm/mohamed/GP/hdl/Packet_Identifier/packet_identifier.v Line: 13
    Warning (15610): No output dependent on input pin "DK[59]" File: /home/msm/mohamed/GP/hdl/Packet_Identifier/packet_identifier.v Line: 13
    Warning (15610): No output dependent on input pin "DK[60]" File: /home/msm/mohamed/GP/hdl/Packet_Identifier/packet_identifier.v Line: 13
    Warning (15610): No output dependent on input pin "DK[61]" File: /home/msm/mohamed/GP/hdl/Packet_Identifier/packet_identifier.v Line: 13
    Warning (15610): No output dependent on input pin "DK[62]" File: /home/msm/mohamed/GP/hdl/Packet_Identifier/packet_identifier.v Line: 13
    Warning (15610): No output dependent on input pin "DK[63]" File: /home/msm/mohamed/GP/hdl/Packet_Identifier/packet_identifier.v Line: 13
Info (21057): Implemented 1780 device resources after synthesis - the final resource count might be different
    Info (21058): Implemented 586 input pins
    Info (21059): Implemented 897 output pins
    Info (21061): Implemented 297 logic cells
Info: Quartus Prime Analysis & Synthesis was successful. 0 errors, 343 warnings
    Info: Peak virtual memory: 381 megabytes
    Info: Processing ended: Tue May 18 15:13:29 2021
    Info: Elapsed time: 00:00:20
    Info: Total CPU time (on all processors): 00:00:42


